commit ab4ddc41844ac7f8d2e1cbbce0c7276ae61f5285
Merge: 7194f61 77d0546
Author: anticN <anticn@bzz.ch>
Date:   Fri Oct 7 16:28:14 2022 +0200

    Merge branch 'master' of https://github.com/anticN/Projekt-M294

commit 7194f6143e8bfd5d83e31311d52ea4fae26faba7
Author: anticN <anticn@bzz.ch>
Date:   Fri Oct 7 16:28:12 2022 +0200

    feat: add alert

commit 77d0546829bdd7541e24883fb1605faabebb939e
Author: Nikola Antic <95412174+anticN@users.noreply.github.com>
Date:   Fri Oct 7 16:26:40 2022 +0200

    Update README.md

commit a18d9b1103e2249e3dd972f0704632488fdf929f
Author: Nikola Antic <95412174+anticN@users.noreply.github.com>
Date:   Fri Oct 7 16:26:09 2022 +0200

    Create README.md

commit 5818583439fe5881ca71329f700cc9af939c9858
Author: anticN <anticn@bzz.ch>
Date:   Fri Oct 7 16:05:12 2022 +0200

    fix: change

commit 43ccfd06479d2a165d3a06d09450bcfeef9b7027
Author: anticN <anticn@bzz.ch>
Date:   Fri Oct 7 11:45:16 2022 +0200

    feat: add login

commit 43f3e4c609e042884a797a6dbad629ddd55152ac
Author: anticN <anticn@bzz.ch>
Date:   Thu Oct 6 22:29:12 2022 +0200

    feat: add change(not finished)

commit 5519bedd32246e3c537a1e3f2308401f516d3cea
Author: anticN <anticn@bzz.ch>
Date:   Thu Oct 6 16:22:03 2022 +0200

    fix: deleted empty file

commit 26472a9d084666a640e3ec83d71aac1bbda983ec
Author: anticN <anticn@bzz.ch>
Date:   Thu Oct 6 16:21:15 2022 +0200

    feat: add delete

commit da7e7bbda37cbd38cffa3676b7aaa20a74640523
Author: anticN <anticn@bzz.ch>
Date:   Thu Oct 6 14:06:10 2022 +0200

    fix: index and add

commit 47281641baa75dfaffd9b8f815a959603b58fb2f
Author: anticN <anticn@bzz.ch>
Date:   Thu Oct 6 11:40:57 2022 +0200

    feat: add task

commit 7c7c2043e7f15403736b169e06a326d6c5a26f52
Author: anticN <anticn@bzz.ch>
Date:   Wed Oct 5 16:38:38 2022 +0200

    feat: task index

commit e943b550666ef50b7f2de30b2a8e97316ac66d14
Author: anticN <anticn@bzz.ch>
Date:   Wed Oct 5 15:43:27 2022 +0200

    innit commit
